05:27:31 PM:DEBUG [logger_base.py:15] Mensaje a nivel debug
05:27:31 PM:INFO [logger_base.py:16] Mensaje a nivel info
05:27:31 PM:WARNING [logger_base.py:17] Mensaje a nivel warning
05:27:31 PM:ERROR [logger_base.py:18] Mensaje a nivel error
05:27:31 PM:CRITICAL [logger_base.py:19] Mensaje a nivel critical
04:27:42 PM:DEBUG [Persona.py:55] 
            Id Persona: 1,
            Nombre: Juan,
            Apellido: Perz,
            Email: jperez@mail.com
        
04:37:59 PM:DEBUG [Persona.py:55] 
            Id Persona: 1,
            Nombre: Juan,
            Apellido: Perz,
            Email: jperez@mail.com
        
04:40:44 PM:DEBUG [Persona.py:55] 
            Id Persona: 1,
            Nombre: Juan,
            Apellido: Perz,
            Email: jperez@mail.com
        
04:40:44 PM:DEBUG [Persona.py:57] 
            Id Persona: Jose,
            Nombre: Lepez,
            Apellido: ljose@mail.com,
            Email: None
        
04:41:58 PM:DEBUG [Persona.py:55] 
            Id Persona: 1,
            Nombre: Juan,
            Apellido: Perz,
            Email: jperez@mail.com
        
04:41:58 PM:DEBUG [Persona.py:57] 
            Id Persona: None,
            Nombre: Jose,
            Apellido: Lepez,
            Email: ljose@mail.com
        
04:45:08 PM:DEBUG [Persona.py:55] 
            Id Persona: 1,
            Nombre: Juan,
            Apellido: Perz,
            Email: jperez@mail.com
        
04:45:08 PM:DEBUG [Persona.py:57] 
            Id Persona: None,
            Nombre: Jose,
            Apellido: Lepez,
            Email: ljose@mail.com
        
04:45:08 PM:DEBUG [Persona.py:59] 
            Id Persona: 1,
            Nombre: None,
            Apellido: None,
            Email: None
        
12:51:23 AM:DEBUG [conexion.py:24] Conexion Exitosa: <connection object at 0x000000160AA12790; dsn: 'user=postgres password=xxx dbname=test_bd host=127.0.0.1 port=5432', closed: 0>
12:54:42 AM:DEBUG [conexion.py:24] Conexion Exitosa: <connection object at 0x0000004015E82790; dsn: 'user=postgres password=xxx dbname=test_bd host=127.0.0.1 port=5432', closed: 0>
12:54:42 AM:ERROR [conexion.py:40] Ocurrio un error: 'NoneType' object has no attribute 'cursor'
12:57:41 AM:DEBUG [conexion.py:24] Conexion Exitosa: <connection object at 0x000000E0C9072790; dsn: 'user=postgres password=xxx dbname=test_bd host=127.0.0.1 port=5432', closed: 0>
12:57:41 AM:ERROR [conexion.py:40] Ocurrio un error: 'NoneType' object has no attribute 'cursor'
12:58:18 AM:DEBUG [conexion.py:24] Conexion Exitosa: <connection object at 0x000000D998FA2790; dsn: 'user=postgres password=xxx dbname=test_bd host=127.0.0.1 port=5432', closed: 0>
12:58:18 AM:DEBUG [conexion.py:37] Se abrio correctamente el cursor: <cursor object at 0x000000D99AF27840; closed: 0>
06:26:34 PM:DEBUG [conexion.py:24] Conexion Exitosa: <connection object at 0x000000A331AD1690; dsn: 'user=postgres password=xxx dbname=test_bd host=127.0.0.1 port=5432', closed: 0>
06:26:34 PM:DEBUG [conexion.py:37] Se abrio correctamente el cursor: <cursor object at 0x000000A333B258C0; closed: 0>
06:27:40 PM:DEBUG [conexion.py:24] Conexion Exitosa: <connection object at 0x00000042DFAD1690; dsn: 'user=postgres password=xxx dbname=test_bd host=127.0.0.1 port=5432', closed: 0>
06:27:40 PM:DEBUG [conexion.py:37] Se abrio correctamente el cursor: <cursor object at 0x00000042E1B318C0; closed: 0>
06:27:40 PM:DEBUG [persona_dao.py:36] 
            Id Persona: 1,
            Nombre: Juan Carlos,
            Apellido: Roldan,
            Email: jcroldan@mail.com
        
06:27:40 PM:DEBUG [persona_dao.py:36] 
            Id Persona: 2,
            Nombre: Carla,
            Apellido: Gomez,
            Email: kgomez@mail.com
        
06:27:40 PM:DEBUG [persona_dao.py:36] 
            Id Persona: 8,
            Nombre: Carlos,
            Apellido: Lara,
            Email: clara@mail.com
        
06:27:40 PM:DEBUG [persona_dao.py:36] 
            Id Persona: 9,
            Nombre: Marcos,
            Apellido: Canto,
            Email: mcanto@mail.com
        
06:27:40 PM:DEBUG [persona_dao.py:36] 
            Id Persona: 10,
            Nombre: Marcelo,
            Apellido: Cuenca,
            Email: cuencam@mail.com
        
06:27:40 PM:DEBUG [persona_dao.py:36] 
            Id Persona: 12,
            Nombre: Maria,
            Apellido: Esparza,
            Email: mesparza@mail.com
        
06:27:40 PM:DEBUG [persona_dao.py:36] 
            Id Persona: 13,
            Nombre: Carlos,
            Apellido: Lara,
            Email: clara@mail.com
        
06:27:40 PM:DEBUG [persona_dao.py:36] 
            Id Persona: 14,
            Nombre: Jorge,
            Apellido: Prol,
            Email: jprol@mail.com
        
06:27:40 PM:DEBUG [persona_dao.py:36] 
            Id Persona: 15,
            Nombre: Alex,
            Apellido: Rojas,
            Email: arojas@mail.com
        
06:45:24 PM:DEBUG [conexion.py:24] Conexion Exitosa: <connection object at 0x000000854A601690; dsn: 'user=postgres password=xxx dbname=test_bd host=127.0.0.1 port=5432', closed: 0>
06:45:24 PM:DEBUG [conexion.py:37] Se abrio correctamente el cursor: <cursor object at 0x000000854C9E18C0; closed: 0>
06:48:44 PM:DEBUG [conexion.py:24] Conexion Exitosa: <connection object at 0x0000001D657B1690; dsn: 'user=postgres password=xxx dbname=test_bd host=127.0.0.1 port=5432', closed: 0>
06:48:44 PM:DEBUG [conexion.py:37] Se abrio correctamente el cursor: <cursor object at 0x0000001D67BF18C0; closed: 0>
06:50:19 PM:DEBUG [conexion.py:24] Conexion Exitosa: <connection object at 0x000000F9AB991690; dsn: 'user=postgres password=xxx dbname=test_bd host=127.0.0.1 port=5432', closed: 0>
06:50:19 PM:DEBUG [conexion.py:37] Se abrio correctamente el cursor: <cursor object at 0x000000F9AD9F18C0; closed: 0>
06:50:20 PM:DEBUG [persona_dao.py:39] Persona insertada: 
            Id Persona: None,
            Nombre: Pedro,
            Apellido: Romero,
            Email: promero@mail.com
        
06:50:20 PM:DEBUG [persona_dao.py:46] Personas insertadas: 1
06:51:31 PM:DEBUG [conexion.py:24] Conexion Exitosa: <connection object at 0x000000097BD51690; dsn: 'user=postgres password=xxx dbname=test_bd host=127.0.0.1 port=5432', closed: 0>
06:51:31 PM:DEBUG [conexion.py:37] Se abrio correctamente el cursor: <cursor object at 0x000000097E1218C0; closed: 0>
06:51:31 PM:DEBUG [persona_dao.py:39] Persona insertada: 
            Id Persona: None,
            Nombre: Pedro,
            Apellido: Romero,
            Email: promero@mail.com
        
06:51:32 PM:DEBUG [persona_dao.py:46] Personas insertadas: 1
06:53:25 PM:DEBUG [conexion.py:24] Conexion Exitosa: <connection object at 0x000000ACDCBF1690; dsn: 'user=postgres password=xxx dbname=test_bd host=127.0.0.1 port=5432', closed: 0>
06:53:25 PM:DEBUG [conexion.py:37] Se abrio correctamente el cursor: <cursor object at 0x000000ACDEFB57E0; closed: 0>
06:53:25 PM:DEBUG [persona_dao.py:39] Persona insertada: 
            Id Persona: None,
            Nombre: Pedro,
            Apellido: Romero,
            Email: promero@mail.com
        
06:53:25 PM:DEBUG [persona_dao.py:46] Personas insertadas: 1
06:59:50 PM:DEBUG [conexion.py:24] Conexion Exitosa: <connection object at 0x000000E6E7311690; dsn: 'user=postgres password=xxx dbname=test_bd host=127.0.0.1 port=5432', closed: 0>
06:59:50 PM:DEBUG [conexion.py:37] Se abrio correctamente el cursor: <cursor object at 0x000000E6E93757E0; closed: 0>
06:59:50 PM:DEBUG [persona_dao.py:40] Persona insertada: 
            Id Persona: None,
            Nombre: Pedro,
            Apellido: Romero,
            Email: promero@mail.com
        
06:59:50 PM:DEBUG [persona_dao.py:48] Personas insertadas: 1
07:01:45 PM:DEBUG [conexion.py:24] Conexion Exitosa: <connection object at 0x0000000EB46C1690; dsn: 'user=postgres password=xxx dbname=test_bd host=127.0.0.1 port=5432', closed: 0>
07:01:45 PM:DEBUG [conexion.py:37] Se abrio correctamente el cursor: <cursor object at 0x0000000EB6A457E0; closed: 0>
07:01:45 PM:DEBUG [persona_dao.py:40] Persona insertada: 
            Id Persona: None,
            Nombre: Homero,
            Apellido: Ramos,
            Email: homeror@mail.com
        
07:01:45 PM:DEBUG [persona_dao.py:48] Personas insertadas: 1
07:23:44 PM:DEBUG [conexion.py:24] Conexion Exitosa: <connection object at 0x0000000711241690; dsn: 'user=postgres password=xxx dbname=test_bd host=127.0.0.1 port=5432', closed: 0>
07:23:44 PM:DEBUG [conexion.py:37] Se abrio correctamente el cursor: <cursor object at 0x00000007136218C0; closed: 0>
07:23:44 PM:DEBUG [persona_dao.py:49] Persona actualizada: 
            Id Persona: 1,
            Nombre: Juan Jose,
            Apellido: Pena,
            Email: jjpena@mail.com
        
07:23:44 PM:DEBUG [persona_dao.py:58] Personas actualizadas: 1
07:36:17 PM:DEBUG [conexion.py:24] Conexion Exitosa: <connection object at 0x0000001C79371690; dsn: 'user=postgres password=xxx dbname=test_bd host=127.0.0.1 port=5432', closed: 0>
07:36:17 PM:DEBUG [conexion.py:37] Se abrio correctamente el cursor: <cursor object at 0x0000001C7B3D18C0; closed: 0>
07:36:17 PM:DEBUG [persona_dao.py:58] Los objetos eliminados son: 
            Id Persona: 13,
            Nombre: None,
            Apellido: None,
            Email: None
        
07:36:17 PM:DEBUG [persona_dao.py:69] Personas eliminadas: 1
07:37:22 PM:DEBUG [conexion.py:24] Conexion Exitosa: <connection object at 0x0000006E62771690; dsn: 'user=postgres password=xxx dbname=test_bd host=127.0.0.1 port=5432', closed: 0>
07:37:22 PM:DEBUG [conexion.py:37] Se abrio correctamente el cursor: <cursor object at 0x0000006E64CA18C0; closed: 0>
07:37:22 PM:DEBUG [persona_dao.py:58] Los objetos eliminados son: 
            Id Persona: 8,
            Nombre: None,
            Apellido: None,
            Email: None
        
07:37:22 PM:DEBUG [persona_dao.py:69] Personas eliminadas: 1
07:40:53 PM:DEBUG [conexion.py:24] Conexion Exitosa: <connection object at 0x000000770DD91690; dsn: 'user=postgres password=xxx dbname=test_bd host=127.0.0.1 port=5432', closed: 0>
07:40:53 PM:DEBUG [conexion.py:37] Se abrio correctamente el cursor: <cursor object at 0x000000770FE218C0; closed: 0>
07:40:53 PM:DEBUG [persona_dao.py:84] 
            Id Persona: 1,
            Nombre: Juan Jose,
            Apellido: Pena,
            Email: jjpena@mail.com
        
07:40:53 PM:DEBUG [persona_dao.py:84] 
            Id Persona: 2,
            Nombre: Carla,
            Apellido: Gomez,
            Email: kgomez@mail.com
        
07:40:53 PM:DEBUG [persona_dao.py:84] 
            Id Persona: 9,
            Nombre: Marcos,
            Apellido: Canto,
            Email: mcanto@mail.com
        
07:40:53 PM:DEBUG [persona_dao.py:84] 
            Id Persona: 10,
            Nombre: Marcelo,
            Apellido: Cuenca,
            Email: cuencam@mail.com
        
07:40:53 PM:DEBUG [persona_dao.py:84] 
            Id Persona: 12,
            Nombre: Maria,
            Apellido: Esparza,
            Email: mesparza@mail.com
        
07:40:53 PM:DEBUG [persona_dao.py:84] 
            Id Persona: 14,
            Nombre: Jorge,
            Apellido: Prol,
            Email: jprol@mail.com
        
07:40:53 PM:DEBUG [persona_dao.py:84] 
            Id Persona: 15,
            Nombre: Alex,
            Apellido: Rojas,
            Email: arojas@mail.com
        
07:40:53 PM:DEBUG [persona_dao.py:84] 
            Id Persona: 16,
            Nombre: Pedro,
            Apellido: Romero,
            Email: promero@mail.com
        
07:40:53 PM:DEBUG [persona_dao.py:84] 
            Id Persona: 17,
            Nombre: Pedro,
            Apellido: Romero,
            Email: promero@mail.com
        
07:40:53 PM:DEBUG [persona_dao.py:84] 
            Id Persona: 18,
            Nombre: Pedro,
            Apellido: Romero,
            Email: promero@mail.com
        
07:40:53 PM:DEBUG [persona_dao.py:84] 
            Id Persona: 19,
            Nombre: Pedro,
            Apellido: Romero,
            Email: promero@mail.com
        
07:40:53 PM:DEBUG [persona_dao.py:84] 
            Id Persona: 20,
            Nombre: Homero,
            Apellido: Ramos,
            Email: homeror@mail.com
        
09:04:47 PM:DEBUG [conexion.py:37] Creacion del pool exitosa: <psycopg2.pool.SimpleConnectionPool object at 0x000000E5460B0B50>
09:06:43 PM:DEBUG [conexion.py:37] Creacion del pool exitosa: <psycopg2.pool.SimpleConnectionPool object at 0x00000001DCB40BE0>
09:06:43 PM:DEBUG [conexion.py:19] Conexion obtenida del pool: <connection object at 0x00000001DA7828A0; dsn: 'user=postgres password=xxx dbname=test_bd host=127.0.0.1 port=5432', closed: 0>
09:06:43 PM:DEBUG [conexion.py:19] Conexion obtenida del pool: <connection object at 0x00000001DA782680; dsn: 'user=postgres password=xxx dbname=test_bd host=127.0.0.1 port=5432', closed: 0>
09:08:33 PM:DEBUG [conexion.py:37] Creacion del pool exitosa: <psycopg2.pool.SimpleConnectionPool object at 0x0000006FDA130C70>
09:08:33 PM:DEBUG [conexion.py:19] Conexion obtenida del pool: <connection object at 0x0000006FD80B28A0; dsn: 'user=postgres password=xxx dbname=test_bd host=127.0.0.1 port=5432', closed: 0>
09:08:33 PM:DEBUG [conexion.py:19] Conexion obtenida del pool: <connection object at 0x0000006FD80B2680; dsn: 'user=postgres password=xxx dbname=test_bd host=127.0.0.1 port=5432', closed: 0>
09:08:33 PM:DEBUG [conexion.py:19] Conexion obtenida del pool: <connection object at 0x0000006FD80B3560; dsn: 'user=postgres password=xxx dbname=test_bd host=127.0.0.1 port=5432', closed: 0>
09:09:16 PM:DEBUG [conexion.py:37] Creacion del pool exitosa: <psycopg2.pool.SimpleConnectionPool object at 0x000000FCEF980D90>
09:09:16 PM:DEBUG [conexion.py:19] Conexion obtenida del pool: <connection object at 0x000000FCED9328A0; dsn: 'user=postgres password=xxx dbname=test_bd host=127.0.0.1 port=5432', closed: 0>
09:09:16 PM:DEBUG [conexion.py:19] Conexion obtenida del pool: <connection object at 0x000000FCED932680; dsn: 'user=postgres password=xxx dbname=test_bd host=127.0.0.1 port=5432', closed: 0>
09:09:16 PM:DEBUG [conexion.py:19] Conexion obtenida del pool: <connection object at 0x000000FCED933560; dsn: 'user=postgres password=xxx dbname=test_bd host=127.0.0.1 port=5432', closed: 0>
09:09:17 PM:DEBUG [conexion.py:19] Conexion obtenida del pool: <connection object at 0x000000FCED933CD0; dsn: 'user=postgres password=xxx dbname=test_bd host=127.0.0.1 port=5432', closed: 0>
09:09:17 PM:DEBUG [conexion.py:19] Conexion obtenida del pool: <connection object at 0x000000FCED933DE0; dsn: 'user=postgres password=xxx dbname=test_bd host=127.0.0.1 port=5432', closed: 0>
09:09:37 PM:DEBUG [conexion.py:37] Creacion del pool exitosa: <psycopg2.pool.SimpleConnectionPool object at 0x0000000D34B58E20>
09:09:37 PM:DEBUG [conexion.py:19] Conexion obtenida del pool: <connection object at 0x0000000D327828A0; dsn: 'user=postgres password=xxx dbname=test_bd host=127.0.0.1 port=5432', closed: 0>
09:09:37 PM:DEBUG [conexion.py:19] Conexion obtenida del pool: <connection object at 0x0000000D32782680; dsn: 'user=postgres password=xxx dbname=test_bd host=127.0.0.1 port=5432', closed: 0>
09:09:37 PM:DEBUG [conexion.py:19] Conexion obtenida del pool: <connection object at 0x0000000D32783560; dsn: 'user=postgres password=xxx dbname=test_bd host=127.0.0.1 port=5432', closed: 0>
09:09:37 PM:DEBUG [conexion.py:19] Conexion obtenida del pool: <connection object at 0x0000000D32783CD0; dsn: 'user=postgres password=xxx dbname=test_bd host=127.0.0.1 port=5432', closed: 0>
09:09:37 PM:DEBUG [conexion.py:19] Conexion obtenida del pool: <connection object at 0x0000000D32783DE0; dsn: 'user=postgres password=xxx dbname=test_bd host=127.0.0.1 port=5432', closed: 0>
09:21:27 PM:DEBUG [conexion.py:37] Creacion del pool exitosa: <psycopg2.pool.SimpleConnectionPool object at 0x000000FE68C27970>
09:21:27 PM:DEBUG [conexion.py:19] Conexion obtenida del pool: <connection object at 0x000000FE66B928A0; dsn: 'user=postgres password=xxx dbname=test_bd host=127.0.0.1 port=5432', closed: 0>
09:21:27 PM:DEBUG [conexion.py:48] Regresamos la conexion del pool: <connection object at 0x000000FE66B928A0; dsn: 'user=postgres password=xxx dbname=test_bd host=127.0.0.1 port=5432', closed: 0>
09:25:46 PM:DEBUG [conexion.py:37] Creacion del pool exitosa: <psycopg2.pool.SimpleConnectionPool object at 0x000000BC8D6257E0>
09:25:46 PM:DEBUG [conexion.py:19] Conexion obtenida del pool: <connection object at 0x000000BC8B5E28A0; dsn: 'user=postgres password=xxx dbname=test_bd host=127.0.0.1 port=5432', closed: 0>
09:25:46 PM:DEBUG [conexion.py:48] Regresamos la conexion del pool: <connection object at 0x000000BC8B5E28A0; dsn: 'user=postgres password=xxx dbname=test_bd host=127.0.0.1 port=5432', closed: 0>
09:25:46 PM:DEBUG [conexion.py:19] Conexion obtenida del pool: <connection object at 0x000000BC8B5E28A0; dsn: 'user=postgres password=xxx dbname=test_bd host=127.0.0.1 port=5432', closed: 0>
09:25:46 PM:DEBUG [conexion.py:48] Regresamos la conexion del pool: <connection object at 0x000000BC8B5E28A0; dsn: 'user=postgres password=xxx dbname=test_bd host=127.0.0.1 port=5432', closed: 0>
09:25:46 PM:DEBUG [conexion.py:19] Conexion obtenida del pool: <connection object at 0x000000BC8B5E28A0; dsn: 'user=postgres password=xxx dbname=test_bd host=127.0.0.1 port=5432', closed: 0>
09:25:46 PM:DEBUG [conexion.py:48] Regresamos la conexion del pool: <connection object at 0x000000BC8B5E28A0; dsn: 'user=postgres password=xxx dbname=test_bd host=127.0.0.1 port=5432', closed: 0>
09:27:11 PM:DEBUG [conexion.py:37] Creacion del pool exitosa: <psycopg2.pool.SimpleConnectionPool object at 0x000000604CA85990>
09:27:11 PM:DEBUG [conexion.py:19] Conexion obtenida del pool: <connection object at 0x000000604A6A28A0; dsn: 'user=postgres password=xxx dbname=test_bd host=127.0.0.1 port=5432', closed: 0>
09:27:11 PM:DEBUG [conexion.py:48] Regresamos la conexion del pool: <connection object at 0x000000604A6A28A0; dsn: 'user=postgres password=xxx dbname=test_bd host=127.0.0.1 port=5432', closed: 0>
09:27:11 PM:DEBUG [conexion.py:19] Conexion obtenida del pool: <connection object at 0x000000604A6A28A0; dsn: 'user=postgres password=xxx dbname=test_bd host=127.0.0.1 port=5432', closed: 0>
09:27:11 PM:DEBUG [conexion.py:48] Regresamos la conexion del pool: <connection object at 0x000000604A6A28A0; dsn: 'user=postgres password=xxx dbname=test_bd host=127.0.0.1 port=5432', closed: 0>
09:27:11 PM:DEBUG [conexion.py:19] Conexion obtenida del pool: <connection object at 0x000000604A6A28A0; dsn: 'user=postgres password=xxx dbname=test_bd host=127.0.0.1 port=5432', closed: 0>
09:27:11 PM:DEBUG [conexion.py:48] Regresamos la conexion del pool: <connection object at 0x000000604A6A28A0; dsn: 'user=postgres password=xxx dbname=test_bd host=127.0.0.1 port=5432', closed: 0>
09:27:11 PM:DEBUG [conexion.py:19] Conexion obtenida del pool: <connection object at 0x000000604A6A28A0; dsn: 'user=postgres password=xxx dbname=test_bd host=127.0.0.1 port=5432', closed: 0>
09:27:11 PM:DEBUG [conexion.py:19] Conexion obtenida del pool: <connection object at 0x000000604A6A2680; dsn: 'user=postgres password=xxx dbname=test_bd host=127.0.0.1 port=5432', closed: 0>
09:27:12 PM:DEBUG [conexion.py:19] Conexion obtenida del pool: <connection object at 0x000000604A6A3560; dsn: 'user=postgres password=xxx dbname=test_bd host=127.0.0.1 port=5432', closed: 0>
10:22:54 PM:DEBUG [cursor_del_pool.py:11] Inicio del metodo with y __enter__
10:22:55 PM:DEBUG [conexion.py:37] Creacion del pool exitosa: <psycopg2.pool.SimpleConnectionPool object at 0x000000A0F4B87AF0>
10:22:55 PM:DEBUG [conexion.py:19] Conexion obtenida del pool: <connection object at 0x000000A0F4A43890; dsn: 'user=postgres password=xxx dbname=test_bd host=127.0.0.1 port=5432', closed: 0>
10:22:55 PM:DEBUG [cursor_del_pool.py:30] Dentro del bloque with
10:22:55 PM:DEBUG [cursor_del_pool.py:17] Se ejecuta el metodo exit
10:22:55 PM:DEBUG [cursor_del_pool.py:20] Ocurrio una excepcion: 'psycopg2.extensions.cursor' object has no attribute 'fethall'
10:22:55 PM:DEBUG [conexion.py:48] Regresamos la conexion del pool: <connection object at 0x000000A0F4A43890; dsn: 'user=postgres password=xxx dbname=test_bd host=127.0.0.1 port=5432', closed: 0>
10:24:29 PM:DEBUG [cursor_del_pool.py:11] Inicio del metodo with y __enter__
10:24:29 PM:DEBUG [conexion.py:37] Creacion del pool exitosa: <psycopg2.pool.SimpleConnectionPool object at 0x00000079217C7AF0>
10:24:29 PM:DEBUG [conexion.py:19] Conexion obtenida del pool: <connection object at 0x0000007921383890; dsn: 'user=postgres password=xxx dbname=test_bd host=127.0.0.1 port=5432', closed: 0>
10:24:29 PM:DEBUG [cursor_del_pool.py:30] Dentro del bloque with
10:24:29 PM:DEBUG [cursor_del_pool.py:32] [(2, 'Carla', 'Gomez', 'kgomez@mail.com'), (9, 'Marcos', 'Canto', 'mcanto@mail.com'), (10, 'Marcelo', 'Cuenca', 'cuencam@mail.com'), (12, 'Maria', 'Esparza', 'mesparza@mail.com'), (14, 'Jorge', 'Prol', 'jprol@mail.com'), (15, 'Alex', 'Rojas', 'arojas@mail.com'), (16, 'Pedro', 'Romero', 'promero@mail.com'), (17, 'Pedro', 'Romero', 'promero@mail.com'), (18, 'Pedro', 'Romero', 'promero@mail.com'), (19, 'Pedro', 'Romero', 'promero@mail.com'), (20, 'Homero', 'Ramos', 'homeror@mail.com'), (1, 'Juan Jose', 'Pena', 'jjpena@mail.com')]
10:24:29 PM:DEBUG [cursor_del_pool.py:17] Se ejecuta el metodo exit
10:24:29 PM:DEBUG [cursor_del_pool.py:23] Commit de la transaccion
10:24:29 PM:DEBUG [conexion.py:48] Regresamos la conexion del pool: <connection object at 0x0000007921383890; dsn: 'user=postgres password=xxx dbname=test_bd host=127.0.0.1 port=5432', closed: 0>
10:38:13 PM:DEBUG [cursor_del_pool.py:11] Inicio del metodo with y __enter__
10:38:13 PM:DEBUG [conexion.py:37] Creacion del pool exitosa: <psycopg2.pool.SimpleConnectionPool object at 0x0000009416CF8B50>
10:38:13 PM:DEBUG [conexion.py:19] Conexion obtenida del pool: <connection object at 0x00000094149C39A0; dsn: 'user=postgres password=xxx dbname=test_bd host=127.0.0.1 port=5432', closed: 0>
10:38:13 PM:DEBUG [cursor_del_pool.py:17] Se ejecuta el metodo exit
10:38:13 PM:DEBUG [cursor_del_pool.py:23] Commit de la transaccion
10:38:13 PM:DEBUG [conexion.py:48] Regresamos la conexion del pool: <connection object at 0x00000094149C39A0; dsn: 'user=postgres password=xxx dbname=test_bd host=127.0.0.1 port=5432', closed: 0>
10:38:13 PM:DEBUG [persona_dao.py:85] 
            Id Persona: 1,
            Nombre: Juan Jose,
            Apellido: Pena,
            Email: jjpena@mail.com
        
10:38:13 PM:DEBUG [persona_dao.py:85] 
            Id Persona: 2,
            Nombre: Carla,
            Apellido: Gomez,
            Email: kgomez@mail.com
        
10:38:13 PM:DEBUG [persona_dao.py:85] 
            Id Persona: 9,
            Nombre: Marcos,
            Apellido: Canto,
            Email: mcanto@mail.com
        
10:38:13 PM:DEBUG [persona_dao.py:85] 
            Id Persona: 10,
            Nombre: Marcelo,
            Apellido: Cuenca,
            Email: cuencam@mail.com
        
10:38:13 PM:DEBUG [persona_dao.py:85] 
            Id Persona: 12,
            Nombre: Maria,
            Apellido: Esparza,
            Email: mesparza@mail.com
        
10:38:13 PM:DEBUG [persona_dao.py:85] 
            Id Persona: 14,
            Nombre: Jorge,
            Apellido: Prol,
            Email: jprol@mail.com
        
10:38:13 PM:DEBUG [persona_dao.py:85] 
            Id Persona: 15,
            Nombre: Alex,
            Apellido: Rojas,
            Email: arojas@mail.com
        
10:38:13 PM:DEBUG [persona_dao.py:85] 
            Id Persona: 16,
            Nombre: Pedro,
            Apellido: Romero,
            Email: promero@mail.com
        
10:38:13 PM:DEBUG [persona_dao.py:85] 
            Id Persona: 17,
            Nombre: Pedro,
            Apellido: Romero,
            Email: promero@mail.com
        
10:38:13 PM:DEBUG [persona_dao.py:85] 
            Id Persona: 18,
            Nombre: Pedro,
            Apellido: Romero,
            Email: promero@mail.com
        
10:38:13 PM:DEBUG [persona_dao.py:85] 
            Id Persona: 19,
            Nombre: Pedro,
            Apellido: Romero,
            Email: promero@mail.com
        
10:38:13 PM:DEBUG [persona_dao.py:85] 
            Id Persona: 20,
            Nombre: Homero,
            Apellido: Ramos,
            Email: homeror@mail.com
        
10:47:33 PM:DEBUG [cursor_del_pool.py:11] Inicio del metodo with y __enter__
10:47:34 PM:DEBUG [conexion.py:37] Creacion del pool exitosa: <psycopg2.pool.SimpleConnectionPool object at 0x0000000C7FD3ADA0>
10:47:34 PM:DEBUG [conexion.py:19] Conexion obtenida del pool: <connection object at 0x0000000C7ECE39A0; dsn: 'user=postgres password=xxx dbname=test_bd host=127.0.0.1 port=5432', closed: 0>
10:47:35 PM:DEBUG [persona_dao.py:40] Persona insertada: 
            Id Persona: None,
            Nombre: Marcos,
            Apellido: Tejada,
            Email: tejadam@mail.com
        
10:47:35 PM:DEBUG [cursor_del_pool.py:17] Se ejecuta el metodo exit
10:47:35 PM:DEBUG [cursor_del_pool.py:23] Commit de la transaccion
10:47:35 PM:DEBUG [conexion.py:48] Regresamos la conexion del pool: <connection object at 0x0000000C7ECE39A0; dsn: 'user=postgres password=xxx dbname=test_bd host=127.0.0.1 port=5432', closed: 0>
10:47:35 PM:DEBUG [persona_dao.py:80] Personas insertadas: 1
10:47:35 PM:DEBUG [cursor_del_pool.py:11] Inicio del metodo with y __enter__
10:47:35 PM:DEBUG [conexion.py:19] Conexion obtenida del pool: <connection object at 0x0000000C7ECE39A0; dsn: 'user=postgres password=xxx dbname=test_bd host=127.0.0.1 port=5432', closed: 0>
10:47:35 PM:DEBUG [cursor_del_pool.py:17] Se ejecuta el metodo exit
10:47:35 PM:DEBUG [cursor_del_pool.py:23] Commit de la transaccion
10:47:35 PM:DEBUG [conexion.py:48] Regresamos la conexion del pool: <connection object at 0x0000000C7ECE39A0; dsn: 'user=postgres password=xxx dbname=test_bd host=127.0.0.1 port=5432', closed: 0>
10:47:35 PM:DEBUG [persona_dao.py:85] 
            Id Persona: 1,
            Nombre: Juan Jose,
            Apellido: Pena,
            Email: jjpena@mail.com
        
10:47:35 PM:DEBUG [persona_dao.py:85] 
            Id Persona: 2,
            Nombre: Carla,
            Apellido: Gomez,
            Email: kgomez@mail.com
        
10:47:35 PM:DEBUG [persona_dao.py:85] 
            Id Persona: 9,
            Nombre: Marcos,
            Apellido: Canto,
            Email: mcanto@mail.com
        
10:47:35 PM:DEBUG [persona_dao.py:85] 
            Id Persona: 10,
            Nombre: Marcelo,
            Apellido: Cuenca,
            Email: cuencam@mail.com
        
10:47:35 PM:DEBUG [persona_dao.py:85] 
            Id Persona: 12,
            Nombre: Maria,
            Apellido: Esparza,
            Email: mesparza@mail.com
        
10:47:35 PM:DEBUG [persona_dao.py:85] 
            Id Persona: 14,
            Nombre: Jorge,
            Apellido: Prol,
            Email: jprol@mail.com
        
10:47:35 PM:DEBUG [persona_dao.py:85] 
            Id Persona: 15,
            Nombre: Alex,
            Apellido: Rojas,
            Email: arojas@mail.com
        
10:47:35 PM:DEBUG [persona_dao.py:85] 
            Id Persona: 16,
            Nombre: Pedro,
            Apellido: Romero,
            Email: promero@mail.com
        
10:47:35 PM:DEBUG [persona_dao.py:85] 
            Id Persona: 17,
            Nombre: Pedro,
            Apellido: Romero,
            Email: promero@mail.com
        
10:47:35 PM:DEBUG [persona_dao.py:85] 
            Id Persona: 18,
            Nombre: Pedro,
            Apellido: Romero,
            Email: promero@mail.com
        
10:47:35 PM:DEBUG [persona_dao.py:85] 
            Id Persona: 19,
            Nombre: Pedro,
            Apellido: Romero,
            Email: promero@mail.com
        
10:47:35 PM:DEBUG [persona_dao.py:85] 
            Id Persona: 20,
            Nombre: Homero,
            Apellido: Ramos,
            Email: homeror@mail.com
        
10:47:35 PM:DEBUG [persona_dao.py:85] 
            Id Persona: 21,
            Nombre: Marcos,
            Apellido: Tejada,
            Email: tejadam@mail.com
        
10:57:03 PM:DEBUG [cursor_del_pool.py:11] Inicio del metodo with y __enter__
10:57:04 PM:DEBUG [conexion.py:37] Creacion del pool exitosa: <psycopg2.pool.SimpleConnectionPool object at 0x000000D886BEF130>
10:57:04 PM:DEBUG [conexion.py:19] Conexion obtenida del pool: <connection object at 0x000000D8847939A0; dsn: 'user=postgres password=xxx dbname=test_bd host=127.0.0.1 port=5432', closed: 0>
10:57:04 PM:DEBUG [persona_dao.py:58] Los objetos eliminados son: 
            Id Persona: 21,
            Nombre: None,
            Apellido: None,
            Email: None
        
10:57:04 PM:DEBUG [cursor_del_pool.py:17] Se ejecuta el metodo exit
10:57:04 PM:DEBUG [cursor_del_pool.py:23] Commit de la transaccion
10:57:04 PM:DEBUG [conexion.py:48] Regresamos la conexion del pool: <connection object at 0x000000D8847939A0; dsn: 'user=postgres password=xxx dbname=test_bd host=127.0.0.1 port=5432', closed: 0>
10:57:04 PM:DEBUG [persona_dao.py:70] Personas eliminadas: 1
10:57:04 PM:DEBUG [cursor_del_pool.py:11] Inicio del metodo with y __enter__
10:57:04 PM:DEBUG [conexion.py:19] Conexion obtenida del pool: <connection object at 0x000000D8847939A0; dsn: 'user=postgres password=xxx dbname=test_bd host=127.0.0.1 port=5432', closed: 0>
10:57:04 PM:DEBUG [persona_dao.py:49] Persona actualizada: 
            Id Persona: 1,
            Nombre: Juan,
            Apellido: Pena,
            Email: jpena@mail.com
        
10:57:04 PM:DEBUG [cursor_del_pool.py:17] Se ejecuta el metodo exit
10:57:04 PM:DEBUG [cursor_del_pool.py:23] Commit de la transaccion
10:57:04 PM:DEBUG [conexion.py:48] Regresamos la conexion del pool: <connection object at 0x000000D8847939A0; dsn: 'user=postgres password=xxx dbname=test_bd host=127.0.0.1 port=5432', closed: 0>
10:57:04 PM:DEBUG [persona_dao.py:75] Personas actualizadas: 1
10:57:04 PM:DEBUG [cursor_del_pool.py:11] Inicio del metodo with y __enter__
10:57:04 PM:DEBUG [conexion.py:19] Conexion obtenida del pool: <connection object at 0x000000D8847939A0; dsn: 'user=postgres password=xxx dbname=test_bd host=127.0.0.1 port=5432', closed: 0>
10:57:04 PM:DEBUG [persona_dao.py:40] Persona insertada: 
            Id Persona: None,
            Nombre: Mateo,
            Apellido: Torresa,
            Email: tmateo@mail.com
        
10:57:04 PM:DEBUG [cursor_del_pool.py:17] Se ejecuta el metodo exit
10:57:04 PM:DEBUG [cursor_del_pool.py:23] Commit de la transaccion
10:57:04 PM:DEBUG [conexion.py:48] Regresamos la conexion del pool: <connection object at 0x000000D8847939A0; dsn: 'user=postgres password=xxx dbname=test_bd host=127.0.0.1 port=5432', closed: 0>
10:57:04 PM:DEBUG [persona_dao.py:80] Personas insertadas: 1
10:57:04 PM:DEBUG [cursor_del_pool.py:11] Inicio del metodo with y __enter__
10:57:04 PM:DEBUG [conexion.py:19] Conexion obtenida del pool: <connection object at 0x000000D8847939A0; dsn: 'user=postgres password=xxx dbname=test_bd host=127.0.0.1 port=5432', closed: 0>
10:57:04 PM:DEBUG [cursor_del_pool.py:17] Se ejecuta el metodo exit
10:57:04 PM:DEBUG [cursor_del_pool.py:23] Commit de la transaccion
10:57:04 PM:DEBUG [conexion.py:48] Regresamos la conexion del pool: <connection object at 0x000000D8847939A0; dsn: 'user=postgres password=xxx dbname=test_bd host=127.0.0.1 port=5432', closed: 0>
10:57:04 PM:DEBUG [persona_dao.py:85] 
            Id Persona: 1,
            Nombre: Juan,
            Apellido: Pena,
            Email: jpena@mail.com
        
10:57:04 PM:DEBUG [persona_dao.py:85] 
            Id Persona: 2,
            Nombre: Carla,
            Apellido: Gomez,
            Email: kgomez@mail.com
        
10:57:04 PM:DEBUG [persona_dao.py:85] 
            Id Persona: 9,
            Nombre: Marcos,
            Apellido: Canto,
            Email: mcanto@mail.com
        
10:57:04 PM:DEBUG [persona_dao.py:85] 
            Id Persona: 10,
            Nombre: Marcelo,
            Apellido: Cuenca,
            Email: cuencam@mail.com
        
10:57:04 PM:DEBUG [persona_dao.py:85] 
            Id Persona: 12,
            Nombre: Maria,
            Apellido: Esparza,
            Email: mesparza@mail.com
        
10:57:04 PM:DEBUG [persona_dao.py:85] 
            Id Persona: 14,
            Nombre: Jorge,
            Apellido: Prol,
            Email: jprol@mail.com
        
10:57:04 PM:DEBUG [persona_dao.py:85] 
            Id Persona: 15,
            Nombre: Alex,
            Apellido: Rojas,
            Email: arojas@mail.com
        
10:57:04 PM:DEBUG [persona_dao.py:85] 
            Id Persona: 16,
            Nombre: Pedro,
            Apellido: Romero,
            Email: promero@mail.com
        
10:57:04 PM:DEBUG [persona_dao.py:85] 
            Id Persona: 17,
            Nombre: Pedro,
            Apellido: Romero,
            Email: promero@mail.com
        
10:57:04 PM:DEBUG [persona_dao.py:85] 
            Id Persona: 18,
            Nombre: Pedro,
            Apellido: Romero,
            Email: promero@mail.com
        
10:57:04 PM:DEBUG [persona_dao.py:85] 
            Id Persona: 19,
            Nombre: Pedro,
            Apellido: Romero,
            Email: promero@mail.com
        
10:57:04 PM:DEBUG [persona_dao.py:85] 
            Id Persona: 20,
            Nombre: Homero,
            Apellido: Ramos,
            Email: homeror@mail.com
        
10:57:04 PM:DEBUG [persona_dao.py:85] 
            Id Persona: 22,
            Nombre: Mateo,
            Apellido: Torresa,
            Email: tmateo@mail.com
        
